2026-06-25 22:38:50,185 INFO: Inicio de aplicaciµn Aduanas [in C:\Users\ruben\Documents\Programacion\Proyecto Ingenieria de software\aduanas_app\app.py:34]
2026-06-25 22:38:50,230 INFO: Inicio de aplicaciµn Aduanas [in C:\Users\ruben\Documents\Programacion\Proyecto Ingenieria de software\aduanas_app\app.py:34]
2026-06-25 22:38:50,230 INFO: Inicio de aplicaciµn Aduanas [in C:\Users\ruben\Documents\Programacion\Proyecto Ingenieria de software\aduanas_app\app.py:34]
2026-06-25 22:41:32,132 INFO: Inicio de aplicaciµn Aduanas [in C:\Users\ruben\Documents\Programacion\Proyecto Ingenieria de software\aduanas_app\app.py:34]
2026-06-25 22:41:33,686 INFO: Inicio de aplicaciµn Aduanas [in C:\Users\ruben\Documents\Programacion\Proyecto Ingenieria de software\aduanas_app\app.py:34]
2026-06-25 22:45:18,984 INFO: Inicio de aplicaciµn Aduanas [in C:\Users\ruben\Documents\Programacion\Proyecto Ingenieria de software\aduanas_app\app.py:34]
2026-06-25 22:45:20,478 INFO: Inicio de aplicaciµn Aduanas [in C:\Users\ruben\Documents\Programacion\Proyecto Ingenieria de software\aduanas_app\app.py:34]
2026-06-25 22:46:07,606 INFO: Usuario pasajero (Rol: pasajero) iniciµ sesiµn exitosamente. [in C:\Users\ruben\Documents\Programacion\Proyecto Ingenieria de software\aduanas_app\routes.py:23]
2026-06-25 22:47:14,379 INFO: Inicio de aplicaciµn Aduanas [in C:\Users\ruben\Documents\Programacion\Proyecto Ingenieria de software\aduanas_app\app.py:34]
2026-06-25 22:48:09,179 INFO: Usuario pdi (Rol: pdi) iniciµ sesiµn exitosamente. [in C:\Users\ruben\Documents\Programacion\Proyecto Ingenieria de software\aduanas_app\routes.py:23]
2026-06-25 22:49:31,361 INFO: Usuario pdi (Rol: pdi) iniciµ sesiµn exitosamente. [in C:\Users\ruben\Documents\Programacion\Proyecto Ingenieria de software\aduanas_app\routes.py:23]
2026-06-25 22:49:39,066 INFO: Usuario aduana (Rol: aduana) iniciµ sesiµn exitosamente. [in C:\Users\ruben\Documents\Programacion\Proyecto Ingenieria de software\aduanas_app\routes.py:23]
2026-06-25 22:49:42,867 INFO: TrÃmite #1 actualizado a estado 'Aprobado' por usuario aduana (aduana). [in C:\Users\ruben\Documents\Programacion\Proyecto Ingenieria de software\aduanas_app\routes.py:140]
2026-06-25 22:49:44,219 INFO: TrÃmite #2 actualizado a estado 'Aprobado' por usuario aduana (aduana). [in C:\Users\ruben\Documents\Programacion\Proyecto Ingenieria de software\aduanas_app\routes.py:140]
2026-06-25 22:49:53,375 INFO: Usuario pasajero (Rol: pasajero) iniciµ sesiµn exitosamente. [in C:\Users\ruben\Documents\Programacion\Proyecto Ingenieria de software\aduanas_app\routes.py:23]
2026-06-25 22:51:10,800 INFO: Inicio de aplicaciµn Aduanas [in C:\Users\ruben\Documents\Programacion\Proyecto Ingenieria de software\aduanas_app\app.py:34]
2026-06-25 22:51:21,732 INFO: Inicio de aplicaciµn Aduanas [in C:\Users\ruben\Documents\Programacion\Proyecto Ingenieria de software\aduanas_app\app.py:34]
2026-06-25 22:51:47,707 INFO: Inicio de aplicaciµn Aduanas [in C:\Users\ruben\Documents\Programacion\Proyecto Ingenieria de software\aduanas_app\app.py:34]
2026-06-25 22:51:50,007 INFO: Inicio de aplicaciµn Aduanas [in C:\Users\ruben\Documents\Programacion\Proyecto Ingenieria de software\aduanas_app\app.py:34]
2026-06-25 22:52:09,621 INFO: Usuario pdi (Rol: pdi) iniciµ sesiµn exitosamente. [in C:\Users\ruben\Documents\Programacion\Proyecto Ingenieria de software\aduanas_app\routes.py:23]
2026-06-25 22:52:18,700 INFO: Usuario pasajero (Rol: pasajero) iniciµ sesiµn exitosamente. [in C:\Users\ruben\Documents\Programacion\Proyecto Ingenieria de software\aduanas_app\routes.py:23]
2026-06-25 22:53:07,852 INFO: TrÃmite creado exitosamente por pasajero pasajero. [in C:\Users\ruben\Documents\Programacion\Proyecto Ingenieria de software\aduanas_app\routes.py:113]
2026-06-25 22:53:17,809 INFO: Usuario pasajero (Rol: pasajero) iniciµ sesiµn exitosamente. [in C:\Users\ruben\Documents\Programacion\Proyecto Ingenieria de software\aduanas_app\routes.py:23]
2026-06-25 22:54:11,588 INFO: Usuario pasajero (Rol: pasajero) iniciµ sesiµn exitosamente. [in C:\Users\ruben\Documents\Programacion\Proyecto Ingenieria de software\aduanas_app\routes.py:23]
2026-06-25 22:54:29,816 INFO: Usuario pdi (Rol: pdi) iniciµ sesiµn exitosamente. [in C:\Users\ruben\Documents\Programacion\Proyecto Ingenieria de software\aduanas_app\routes.py:23]
2026-06-25 22:54:36,298 INFO: TrÃmite #1 actualizado a estado 'Aprobado' por usuario pdi (pdi). [in C:\Users\ruben\Documents\Programacion\Proyecto Ingenieria de software\aduanas_app\routes.py:138]
2026-06-25 22:54:43,364 INFO: Usuario aduana (Rol: aduana) iniciµ sesiµn exitosamente. [in C:\Users\ruben\Documents\Programacion\Proyecto Ingenieria de software\aduanas_app\routes.py:23]
2026-06-26 00:55:08,468 INFO: Inicio de aplicaciµn Aduanas [in C:\Users\ruben\Documents\Programacion\Proyecto Ingenieria de software\aduanas_app\app.py:34]
2026-06-26 00:55:10,070 INFO: Inicio de aplicaciµn Aduanas [in C:\Users\ruben\Documents\Programacion\Proyecto Ingenieria de software\aduanas_app\app.py:34]
2026-06-26 01:01:22,277 INFO: Inicio de aplicaciµn Aduanas [in C:\Users\ruben\Documents\Programacion\Proyecto Ingenieria de software\aduanas_app\app.py:34]
2026-06-26 01:01:23,683 INFO: Inicio de aplicaciµn Aduanas [in C:\Users\ruben\Documents\Programacion\Proyecto Ingenieria de software\aduanas_app\app.py:34]
